<?xml version="1.0" encoding="UTF-8"?>
<testsuite xmlns:xsi="http://www.w3.org/2001/XMLSchema-instance" xsi:noNamespaceSchemaLocation="https://maven.apache.org/surefire/maven-surefire-plugin/xsd/surefire-test-report.xsd" name="com.example.kinesiscamel.KinesiscamelApplicationTests" time="1.672" tests="1" errors="1" skipped="0" failures="0">
  <properties>
    <property name="gopherProxySet" value="false"/>
    <property name="awt.toolkit" value="sun.lwawt.macosx.LWCToolkit"/>
    <property name="java.specification.version" value="11"/>
    <property name="sun.cpu.isalist" value=""/>
    <property name="sun.jnu.encoding" value="UTF-8"/>
    <property name="java.class.path" value="/Users/JamesCollerton/Documents/Programming/Git_Folders/AWS-Kinesis-with-Camel/kinesiscamelproducer/target/test-classes:/Users/JamesCollerton/Documents/Programming/Git_Folders/AWS-Kinesis-with-Camel/kinesiscamelproducer/target/classes:/Users/JamesCollerton/.m2/repository/org/springframework/boot/spring-boot-starter-web/2.4.4/spring-boot-starter-web-2.4.4.jar:/Users/JamesCollerton/.m2/repository/org/springframework/boot/spring-boot-starter/2.4.4/spring-boot-starter-2.4.4.jar:/Users/JamesCollerton/.m2/repository/org/springframework/boot/spring-boot/2.4.4/spring-boot-2.4.4.jar:/Users/JamesCollerton/.m2/repository/org/springframework/boot/spring-boot-autoconfigure/2.4.4/spring-boot-autoconfigure-2.4.4.jar:/Users/JamesCollerton/.m2/repository/org/springframework/boot/spring-boot-starter-logging/2.4.4/spring-boot-starter-logging-2.4.4.jar:/Users/JamesCollerton/.m2/repository/ch/qos/logback/logback-classic/1.2.3/logback-classic-1.2.3.jar:/Users/JamesCollerton/.m2/repository/ch/qos/logback/logback-core/1.2.3/logback-core-1.2.3.jar:/Users/JamesCollerton/.m2/repository/org/apache/logging/log4j/log4j-to-slf4j/2.13.3/log4j-to-slf4j-2.13.3.jar:/Users/JamesCollerton/.m2/repository/org/apache/logging/log4j/log4j-api/2.13.3/log4j-api-2.13.3.jar:/Users/JamesCollerton/.m2/repository/org/slf4j/jul-to-slf4j/1.7.30/jul-to-slf4j-1.7.30.jar:/Users/JamesCollerton/.m2/repository/jakarta/annotation/jakarta.annotation-api/1.3.5/jakarta.annotation-api-1.3.5.jar:/Users/JamesCollerton/.m2/repository/org/yaml/snakeyaml/1.27/snakeyaml-1.27.jar:/Users/JamesCollerton/.m2/repository/org/springframework/boot/spring-boot-starter-json/2.4.4/spring-boot-starter-json-2.4.4.jar:/Users/JamesCollerton/.m2/repository/com/fasterxml/jackson/core/jackson-databind/2.11.4/jackson-databind-2.11.4.jar:/Users/JamesCollerton/.m2/repository/com/fasterxml/jackson/core/jackson-annotations/2.11.4/jackson-annotations-2.11.4.jar:/Users/JamesCollerton/.m2/repository/com/fasterxml/jackson/core/jackson-core/2.11.4/jackson-core-2.11.4.jar:/Users/JamesCollerton/.m2/repository/com/fasterxml/jackson/datatype/jackson-datatype-jdk8/2.11.4/jackson-datatype-jdk8-2.11.4.jar:/Users/JamesCollerton/.m2/repository/com/fasterxml/jackson/datatype/jackson-datatype-jsr310/2.11.4/jackson-datatype-jsr310-2.11.4.jar:/Users/JamesCollerton/.m2/repository/com/fasterxml/jackson/module/jackson-module-parameter-names/2.11.4/jackson-module-parameter-names-2.11.4.jar:/Users/JamesCollerton/.m2/repository/org/springframework/boot/spring-boot-starter-tomcat/2.4.4/spring-boot-starter-tomcat-2.4.4.jar:/Users/JamesCollerton/.m2/repository/org/apache/tomcat/embed/tomcat-embed-core/9.0.44/tomcat-embed-core-9.0.44.jar:/Users/JamesCollerton/.m2/repository/org/glassfish/jakarta.el/3.0.3/jakarta.el-3.0.3.jar:/Users/JamesCollerton/.m2/repository/org/apache/tomcat/embed/tomcat-embed-websocket/9.0.44/tomcat-embed-websocket-9.0.44.jar:/Users/JamesCollerton/.m2/repository/org/springframework/spring-web/5.3.3/spring-web-5.3.3.jar:/Users/JamesCollerton/.m2/repository/org/springframework/spring-beans/5.3.3/spring-beans-5.3.3.jar:/Users/JamesCollerton/.m2/repository/org/springframework/spring-webmvc/5.3.5/spring-webmvc-5.3.5.jar:/Users/JamesCollerton/.m2/repository/org/springframework/spring-aop/5.3.3/spring-aop-5.3.3.jar:/Users/JamesCollerton/.m2/repository/org/springframework/spring-context/5.3.3/spring-context-5.3.3.jar:/Users/JamesCollerton/.m2/repository/org/springframework/spring-expression/5.3.3/spring-expression-5.3.3.jar:/Users/JamesCollerton/.m2/repository/org/apache/camel/springboot/camel-spring-boot-starter/3.8.0/camel-spring-boot-starter-3.8.0.jar:/Users/JamesCollerton/.m2/repository/org/apache/camel/springboot/camel-spring-boot/3.8.0/camel-spring-boot-3.8.0.jar:/Users/JamesCollerton/.m2/repository/org/apache/camel/camel-spring/3.8.0/camel-spring-3.8.0.jar:/Users/JamesCollerton/.m2/repository/org/apache/camel/camel-core-engine/3.8.0/camel-core-engine-3.8.0.jar:/Users/JamesCollerton/.m2/repository/org/apache/camel/camel-core-reifier/3.8.0/camel-core-reifier-3.8.0.jar:/Users/JamesCollerton/.m2/repository/org/apache/camel/camel-xml-jaxb/3.8.0/camel-xml-jaxb-3.8.0.jar:/Users/JamesCollerton/.m2/repository/com/sun/xml/bind/jaxb-core/2.3.0/jaxb-core-2.3.0.jar:/Users/JamesCollerton/.m2/repository/com/sun/xml/bind/jaxb-impl/2.3.3/jaxb-impl-2.3.3.jar:/Users/JamesCollerton/.m2/repository/com/sun/activation/jakarta.activation/1.2.2/jakarta.activation-1.2.2.jar:/Users/JamesCollerton/.m2/repository/org/apache/camel/camel-xml-jaxp/3.8.0/camel-xml-jaxp-3.8.0.jar:/Users/JamesCollerton/.m2/repository/org/apache/camel/camel-bean/3.8.0/camel-bean-3.8.0.jar:/Users/JamesCollerton/.m2/repository/org/apache/camel/camel-management-api/3.8.0/camel-management-api-3.8.0.jar:/Users/JamesCollerton/.m2/repository/org/apache/camel/camel-core-xml/3.8.0/camel-core-xml-3.8.0.jar:/Users/JamesCollerton/.m2/repository/org/springframework/spring-tx/5.3.3/spring-tx-5.3.3.jar:/Users/JamesCollerton/.m2/repository/org/apache/camel/camel-cluster/3.8.0/camel-cluster-3.8.0.jar:/Users/JamesCollerton/.m2/repository/org/apache/camel/camel-base-engine/3.8.0/camel-base-engine-3.8.0.jar:/Users/JamesCollerton/.m2/repository/org/apache/camel/camel-core-catalog/3.8.0/camel-core-catalog-3.8.0.jar:/Users/JamesCollerton/.m2/repository/org/apache/camel/camel-api/3.8.0/camel-api-3.8.0.jar:/Users/JamesCollerton/.m2/repository/org/apache/camel/camel-tooling-model/3.8.0/camel-tooling-model-3.8.0.jar:/Users/JamesCollerton/.m2/repository/org/apache/camel/camel-util-json/3.8.0/camel-util-json-3.8.0.jar:/Users/JamesCollerton/.m2/repository/org/apache/camel/camel-health/3.8.0/camel-health-3.8.0.jar:/Users/JamesCollerton/.m2/repository/org/apache/camel/camel-main/3.8.0/camel-main-3.8.0.jar:/Users/JamesCollerton/.m2/repository/org/apache/camel/camel-base/3.8.0/camel-base-3.8.0.jar:/Users/JamesCollerton/.m2/repository/org/apache/camel/camel-util/3.8.0/camel-util-3.8.0.jar:/Users/JamesCollerton/.m2/repository/org/apache/camel/camel-core-languages/3.8.0/camel-core-languages-3.8.0.jar:/Users/JamesCollerton/.m2/repository/org/apache/camel/springboot/camel-core-starter/3.8.0/camel-core-starter-3.8.0.jar:/Users/JamesCollerton/.m2/repository/org/apache/camel/camel-core/3.8.0/camel-core-3.8.0.jar:/Users/JamesCollerton/.m2/repository/org/apache/camel/camel-browse/3.8.0/camel-browse-3.8.0.jar:/Users/JamesCollerton/.m2/repository/org/apache/camel/camel-controlbus/3.8.0/camel-controlbus-3.8.0.jar:/Users/JamesCollerton/.m2/repository/org/apache/camel/camel-dataformat/3.8.0/camel-dataformat-3.8.0.jar:/Users/JamesCollerton/.m2/repository/org/apache/camel/camel-dataset/3.8.0/camel-dataset-3.8.0.jar:/Users/JamesCollerton/.m2/repository/org/apache/camel/camel-direct/3.8.0/camel-direct-3.8.0.jar:/Users/JamesCollerton/.m2/repository/org/apache/camel/camel-directvm/3.8.0/camel-directvm-3.8.0.jar:/Users/JamesCollerton/.m2/repository/org/apache/camel/camel-language/3.8.0/camel-language-3.8.0.jar:/Users/JamesCollerton/.m2/repository/org/apache/camel/camel-log/3.8.0/camel-log-3.8.0.jar:/Users/JamesCollerton/.m2/repository/org/apache/camel/camel-mock/3.8.0/camel-mock-3.8.0.jar:/Users/JamesCollerton/.m2/repository/org/apache/camel/camel-ref/3.8.0/camel-ref-3.8.0.jar:/Users/JamesCollerton/.m2/repository/org/apache/camel/camel-rest/3.8.0/camel-rest-3.8.0.jar:/Users/JamesCollerton/.m2/repository/org/apache/camel/camel-saga/3.8.0/camel-saga-3.8.0.jar:/Users/JamesCollerton/.m2/repository/org/apache/camel/camel-scheduler/3.8.0/camel-scheduler-3.8.0.jar:/Users/JamesCollerton/.m2/repository/org/apache/camel/camel-seda/3.8.0/camel-seda-3.8.0.jar:/Users/JamesCollerton/.m2/repository/org/apache/camel/camel-stub/3.8.0/camel-stub-3.8.0.jar:/Users/JamesCollerton/.m2/repository/org/apache/camel/camel-timer/3.8.0/camel-timer-3.8.0.jar:/Users/JamesCollerton/.m2/repository/org/apache/camel/camel-validator/3.8.0/camel-validator-3.8.0.jar:/Users/JamesCollerton/.m2/repository/org/apache/camel/camel-vm/3.8.0/camel-vm-3.8.0.jar:/Users/JamesCollerton/.m2/repository/org/apache/camel/camel-xpath/3.8.0/camel-xpath-3.8.0.jar:/Users/JamesCollerton/.m2/repository/org/apache/camel/camel-xslt/3.8.0/camel-xslt-3.8.0.jar:/Users/JamesCollerton/.m2/repository/org/apache/camel/camel-http/3.8.0/camel-http-3.8.0.jar:/Users/JamesCollerton/.m2/repository/org/apache/camel/camel-cloud/3.8.0/camel-cloud-3.8.0.jar:/Users/JamesCollerton/.m2/repository/org/apache/camel/camel-core-model/3.8.0/camel-core-model-3.8.0.jar:/Users/JamesCollerton/.m2/repository/org/apache/camel/camel-core-processor/3.8.0/camel-core-processor-3.8.0.jar:/Users/JamesCollerton/.m2/repository/org/apache/camel/camel-http-common/3.8.0/camel-http-common-3.8.0.jar:/Users/JamesCollerton/.m2/repository/org/apache/camel/camel-http-base/3.8.0/camel-http-base-3.8.0.jar:/Users/JamesCollerton/.m2/repository/org/apache/camel/camel-support/3.8.0/camel-support-3.8.0.jar:/Users/JamesCollerton/.m2/repository/org/apache/camel/camel-attachments/3.8.0/camel-attachments-3.8.0.jar:/Users/JamesCollerton/.m2/repository/com/sun/activation/javax.activation/1.2.0/javax.activation-1.2.0.jar:/Users/JamesCollerton/.m2/repository/org/apache/camel/camel-file/3.8.0/camel-file-3.8.0.jar:/Users/JamesCollerton/.m2/repository/javax/servlet/javax.servlet-api/4.0.1/javax.servlet-api-4.0.1.jar:/Users/JamesCollerton/.m2/repository/org/apache/httpcomponents/httpclient/4.5.13/httpclient-4.5.13.jar:/Users/JamesCollerton/.m2/repository/org/apache/httpcomponents/httpcore/4.4.14/httpcore-4.4.14.jar:/Users/JamesCollerton/.m2/repository/commons-codec/commons-codec/1.15/commons-codec-1.15.jar:/Users/JamesCollerton/.m2/repository/org/projectlombok/lombok/1.18.18/lombok-1.18.18.jar:/Users/JamesCollerton/.m2/repository/org/springframework/boot/spring-boot-starter-test/2.4.4/spring-boot-starter-test-2.4.4.jar:/Users/JamesCollerton/.m2/repository/org/springframework/boot/spring-boot-test/2.4.4/spring-boot-test-2.4.4.jar:/Users/JamesCollerton/.m2/repository/org/springframework/boot/spring-boot-test-autoconfigure/2.4.4/spring-boot-test-autoconfigure-2.4.4.jar:/Users/JamesCollerton/.m2/repository/com/jayway/jsonpath/json-path/2.4.0/json-path-2.4.0.jar:/Users/JamesCollerton/.m2/repository/net/minidev/json-smart/2.3/json-smart-2.3.jar:/Users/JamesCollerton/.m2/repository/net/minidev/accessors-smart/1.2/accessors-smart-1.2.jar:/Users/JamesCollerton/.m2/repository/org/ow2/asm/asm/5.0.4/asm-5.0.4.jar:/Users/JamesCollerton/.m2/repository/org/slf4j/slf4j-api/1.7.30/slf4j-api-1.7.30.jar:/Users/JamesCollerton/.m2/repository/jakarta/xml/bind/jakarta.xml.bind-api/2.3.3/jakarta.xml.bind-api-2.3.3.jar:/Users/JamesCollerton/.m2/repository/jakarta/activation/jakarta.activation-api/1.2.2/jakarta.activation-api-1.2.2.jar:/Users/JamesCollerton/.m2/repository/org/assertj/assertj-core/3.18.1/assertj-core-3.18.1.jar:/Users/JamesCollerton/.m2/repository/org/hamcrest/hamcrest/2.2/hamcrest-2.2.jar:/Users/JamesCollerton/.m2/repository/org/junit/jupiter/junit-jupiter/5.7.1/junit-jupiter-5.7.1.jar:/Users/JamesCollerton/.m2/repository/org/junit/jupiter/junit-jupiter-api/5.7.1/junit-jupiter-api-5.7.1.jar:/Users/JamesCollerton/.m2/repository/org/apiguardian/apiguardian-api/1.1.0/apiguardian-api-1.1.0.jar:/Users/JamesCollerton/.m2/repository/org/opentest4j/opentest4j/1.2.0/opentest4j-1.2.0.jar:/Users/JamesCollerton/.m2/repository/org/junit/platform/junit-platform-commons/1.7.1/junit-platform-commons-1.7.1.jar:/Users/JamesCollerton/.m2/repository/org/junit/jupiter/junit-jupiter-params/5.7.1/junit-jupiter-params-5.7.1.jar:/Users/JamesCollerton/.m2/repository/org/junit/jupiter/junit-jupiter-engine/5.7.1/junit-jupiter-engine-5.7.1.jar:/Users/JamesCollerton/.m2/repository/org/junit/platform/junit-platform-engine/1.7.1/junit-platform-engine-1.7.1.jar:/Users/JamesCollerton/.m2/repository/org/mockito/mockito-core/3.6.28/mockito-core-3.6.28.jar:/Users/JamesCollerton/.m2/repository/net/bytebuddy/byte-buddy/1.10.22/byte-buddy-1.10.22.jar:/Users/JamesCollerton/.m2/repository/net/bytebuddy/byte-buddy-agent/1.10.22/byte-buddy-agent-1.10.22.jar:/Users/JamesCollerton/.m2/repository/org/objenesis/objenesis/3.1/objenesis-3.1.jar:/Users/JamesCollerton/.m2/repository/org/mockito/mockito-junit-jupiter/3.6.28/mockito-junit-jupiter-3.6.28.jar:/Users/JamesCollerton/.m2/repository/org/skyscreamer/jsonassert/1.5.0/jsonassert-1.5.0.jar:/Users/JamesCollerton/.m2/repository/com/vaadin/external/google/android-json/0.0.20131108.vaadin1/android-json-0.0.20131108.vaadin1.jar:/Users/JamesCollerton/.m2/repository/org/springframework/spring-core/5.3.3/spring-core-5.3.3.jar:/Users/JamesCollerton/.m2/repository/org/springframework/spring-jcl/5.3.5/spring-jcl-5.3.5.jar:/Users/JamesCollerton/.m2/repository/org/springframework/spring-test/5.3.3/spring-test-5.3.3.jar:/Users/JamesCollerton/.m2/repository/org/xmlunit/xmlunit-core/2.7.0/xmlunit-core-2.7.0.jar:"/>
    <property name="java.vm.vendor" value="Oracle Corporation"/>
    <property name="sun.arch.data.model" value="64"/>
    <property name="java.vendor.url" value="https://openjdk.java.net/"/>
    <property name="user.timezone" value=""/>
    <property name="java.vm.specification.version" value="11"/>
    <property name="os.name" value="Mac OS X"/>
    <property name="sun.java.launcher" value="SUN_STANDARD"/>
    <property name="user.country" value="GB"/>
    <property name="sun.boot.library.path" value="/usr/local/Cellar/openjdk@11/11.0.10/libexec/openjdk.jdk/Contents/Home/lib"/>
    <property name="sun.java.command" value="/Users/JamesCollerton/Documents/Programming/Git_Folders/AWS-Kinesis-with-Camel/kinesiscamelproducer/target/surefire/surefirebooter14490979842114057051.jar /Users/JamesCollerton/Documents/Programming/Git_Folders/AWS-Kinesis-with-Camel/kinesiscamelproducer/target/surefire 2021-03-24T09-03-54_389-jvmRun1 surefire10180719380273602942tmp surefire_07960509305974420296tmp"/>
    <property name="jdk.debug" value="release"/>
    <property name="surefire.test.class.path" value="/Users/JamesCollerton/Documents/Programming/Git_Folders/AWS-Kinesis-with-Camel/kinesiscamelproducer/target/test-classes:/Users/JamesCollerton/Documents/Programming/Git_Folders/AWS-Kinesis-with-Camel/kinesiscamelproducer/target/classes:/Users/JamesCollerton/.m2/repository/org/springframework/boot/spring-boot-starter-web/2.4.4/spring-boot-starter-web-2.4.4.jar:/Users/JamesCollerton/.m2/repository/org/springframework/boot/spring-boot-starter/2.4.4/spring-boot-starter-2.4.4.jar:/Users/JamesCollerton/.m2/repository/org/springframework/boot/spring-boot/2.4.4/spring-boot-2.4.4.jar:/Users/JamesCollerton/.m2/repository/org/springframework/boot/spring-boot-autoconfigure/2.4.4/spring-boot-autoconfigure-2.4.4.jar:/Users/JamesCollerton/.m2/repository/org/springframework/boot/spring-boot-starter-logging/2.4.4/spring-boot-starter-logging-2.4.4.jar:/Users/JamesCollerton/.m2/repository/ch/qos/logback/logback-classic/1.2.3/logback-classic-1.2.3.jar:/Users/JamesCollerton/.m2/repository/ch/qos/logback/logback-core/1.2.3/logback-core-1.2.3.jar:/Users/JamesCollerton/.m2/repository/org/apache/logging/log4j/log4j-to-slf4j/2.13.3/log4j-to-slf4j-2.13.3.jar:/Users/JamesCollerton/.m2/repository/org/apache/logging/log4j/log4j-api/2.13.3/log4j-api-2.13.3.jar:/Users/JamesCollerton/.m2/repository/org/slf4j/jul-to-slf4j/1.7.30/jul-to-slf4j-1.7.30.jar:/Users/JamesCollerton/.m2/repository/jakarta/annotation/jakarta.annotation-api/1.3.5/jakarta.annotation-api-1.3.5.jar:/Users/JamesCollerton/.m2/repository/org/yaml/snakeyaml/1.27/snakeyaml-1.27.jar:/Users/JamesCollerton/.m2/repository/org/springframework/boot/spring-boot-starter-json/2.4.4/spring-boot-starter-json-2.4.4.jar:/Users/JamesCollerton/.m2/repository/com/fasterxml/jackson/core/jackson-databind/2.11.4/jackson-databind-2.11.4.jar:/Users/JamesCollerton/.m2/repository/com/fasterxml/jackson/core/jackson-annotations/2.11.4/jackson-annotations-2.11.4.jar:/Users/JamesCollerton/.m2/repository/com/fasterxml/jackson/core/jackson-core/2.11.4/jackson-core-2.11.4.jar:/Users/JamesCollerton/.m2/repository/com/fasterxml/jackson/datatype/jackson-datatype-jdk8/2.11.4/jackson-datatype-jdk8-2.11.4.jar:/Users/JamesCollerton/.m2/repository/com/fasterxml/jackson/datatype/jackson-datatype-jsr310/2.11.4/jackson-datatype-jsr310-2.11.4.jar:/Users/JamesCollerton/.m2/repository/com/fasterxml/jackson/module/jackson-module-parameter-names/2.11.4/jackson-module-parameter-names-2.11.4.jar:/Users/JamesCollerton/.m2/repository/org/springframework/boot/spring-boot-starter-tomcat/2.4.4/spring-boot-starter-tomcat-2.4.4.jar:/Users/JamesCollerton/.m2/repository/org/apache/tomcat/embed/tomcat-embed-core/9.0.44/tomcat-embed-core-9.0.44.jar:/Users/JamesCollerton/.m2/repository/org/glassfish/jakarta.el/3.0.3/jakarta.el-3.0.3.jar:/Users/JamesCollerton/.m2/repository/org/apache/tomcat/embed/tomcat-embed-websocket/9.0.44/tomcat-embed-websocket-9.0.44.jar:/Users/JamesCollerton/.m2/repository/org/springframework/spring-web/5.3.3/spring-web-5.3.3.jar:/Users/JamesCollerton/.m2/repository/org/springframework/spring-beans/5.3.3/spring-beans-5.3.3.jar:/Users/JamesCollerton/.m2/repository/org/springframework/spring-webmvc/5.3.5/spring-webmvc-5.3.5.jar:/Users/JamesCollerton/.m2/repository/org/springframework/spring-aop/5.3.3/spring-aop-5.3.3.jar:/Users/JamesCollerton/.m2/repository/org/springframework/spring-context/5.3.3/spring-context-5.3.3.jar:/Users/JamesCollerton/.m2/repository/org/springframework/spring-expression/5.3.3/spring-expression-5.3.3.jar:/Users/JamesCollerton/.m2/repository/org/apache/camel/springboot/camel-spring-boot-starter/3.8.0/camel-spring-boot-starter-3.8.0.jar:/Users/JamesCollerton/.m2/repository/org/apache/camel/springboot/camel-spring-boot/3.8.0/camel-spring-boot-3.8.0.jar:/Users/JamesCollerton/.m2/repository/org/apache/camel/camel-spring/3.8.0/camel-spring-3.8.0.jar:/Users/JamesCollerton/.m2/repository/org/apache/camel/camel-core-engine/3.8.0/camel-core-engine-3.8.0.jar:/Users/JamesCollerton/.m2/repository/org/apache/camel/camel-core-reifier/3.8.0/camel-core-reifier-3.8.0.jar:/Users/JamesCollerton/.m2/repository/org/apache/camel/camel-xml-jaxb/3.8.0/camel-xml-jaxb-3.8.0.jar:/Users/JamesCollerton/.m2/repository/com/sun/xml/bind/jaxb-core/2.3.0/jaxb-core-2.3.0.jar:/Users/JamesCollerton/.m2/repository/com/sun/xml/bind/jaxb-impl/2.3.3/jaxb-impl-2.3.3.jar:/Users/JamesCollerton/.m2/repository/com/sun/activation/jakarta.activation/1.2.2/jakarta.activation-1.2.2.jar:/Users/JamesCollerton/.m2/repository/org/apache/camel/camel-xml-jaxp/3.8.0/camel-xml-jaxp-3.8.0.jar:/Users/JamesCollerton/.m2/repository/org/apache/camel/camel-bean/3.8.0/camel-bean-3.8.0.jar:/Users/JamesCollerton/.m2/repository/org/apache/camel/camel-management-api/3.8.0/camel-management-api-3.8.0.jar:/Users/JamesCollerton/.m2/repository/org/apache/camel/camel-core-xml/3.8.0/camel-core-xml-3.8.0.jar:/Users/JamesCollerton/.m2/repository/org/springframework/spring-tx/5.3.3/spring-tx-5.3.3.jar:/Users/JamesCollerton/.m2/repository/org/apache/camel/camel-cluster/3.8.0/camel-cluster-3.8.0.jar:/Users/JamesCollerton/.m2/repository/org/apache/camel/camel-base-engine/3.8.0/camel-base-engine-3.8.0.jar:/Users/JamesCollerton/.m2/repository/org/apache/camel/camel-core-catalog/3.8.0/camel-core-catalog-3.8.0.jar:/Users/JamesCollerton/.m2/repository/org/apache/camel/camel-api/3.8.0/camel-api-3.8.0.jar:/Users/JamesCollerton/.m2/repository/org/apache/camel/camel-tooling-model/3.8.0/camel-tooling-model-3.8.0.jar:/Users/JamesCollerton/.m2/repository/org/apache/camel/camel-util-json/3.8.0/camel-util-json-3.8.0.jar:/Users/JamesCollerton/.m2/repository/org/apache/camel/camel-health/3.8.0/camel-health-3.8.0.jar:/Users/JamesCollerton/.m2/repository/org/apache/camel/camel-main/3.8.0/camel-main-3.8.0.jar:/Users/JamesCollerton/.m2/repository/org/apache/camel/camel-base/3.8.0/camel-base-3.8.0.jar:/Users/JamesCollerton/.m2/repository/org/apache/camel/camel-util/3.8.0/camel-util-3.8.0.jar:/Users/JamesCollerton/.m2/repository/org/apache/camel/camel-core-languages/3.8.0/camel-core-languages-3.8.0.jar:/Users/JamesCollerton/.m2/repository/org/apache/camel/springboot/camel-core-starter/3.8.0/camel-core-starter-3.8.0.jar:/Users/JamesCollerton/.m2/repository/org/apache/camel/camel-core/3.8.0/camel-core-3.8.0.jar:/Users/JamesCollerton/.m2/repository/org/apache/camel/camel-browse/3.8.0/camel-browse-3.8.0.jar:/Users/JamesCollerton/.m2/repository/org/apache/camel/camel-controlbus/3.8.0/camel-controlbus-3.8.0.jar:/Users/JamesCollerton/.m2/repository/org/apache/camel/camel-dataformat/3.8.0/camel-dataformat-3.8.0.jar:/Users/JamesCollerton/.m2/repository/org/apache/camel/camel-dataset/3.8.0/camel-dataset-3.8.0.jar:/Users/JamesCollerton/.m2/repository/org/apache/camel/camel-direct/3.8.0/camel-direct-3.8.0.jar:/Users/JamesCollerton/.m2/repository/org/apache/camel/camel-directvm/3.8.0/camel-directvm-3.8.0.jar:/Users/JamesCollerton/.m2/repository/org/apache/camel/camel-language/3.8.0/camel-language-3.8.0.jar:/Users/JamesCollerton/.m2/repository/org/apache/camel/camel-log/3.8.0/camel-log-3.8.0.jar:/Users/JamesCollerton/.m2/repository/org/apache/camel/camel-mock/3.8.0/camel-mock-3.8.0.jar:/Users/JamesCollerton/.m2/repository/org/apache/camel/camel-ref/3.8.0/camel-ref-3.8.0.jar:/Users/JamesCollerton/.m2/repository/org/apache/camel/camel-rest/3.8.0/camel-rest-3.8.0.jar:/Users/JamesCollerton/.m2/repository/org/apache/camel/camel-saga/3.8.0/camel-saga-3.8.0.jar:/Users/JamesCollerton/.m2/repository/org/apache/camel/camel-scheduler/3.8.0/camel-scheduler-3.8.0.jar:/Users/JamesCollerton/.m2/repository/org/apache/camel/camel-seda/3.8.0/camel-seda-3.8.0.jar:/Users/JamesCollerton/.m2/repository/org/apache/camel/camel-stub/3.8.0/camel-stub-3.8.0.jar:/Users/JamesCollerton/.m2/repository/org/apache/camel/camel-timer/3.8.0/camel-timer-3.8.0.jar:/Users/JamesCollerton/.m2/repository/org/apache/camel/camel-validator/3.8.0/camel-validator-3.8.0.jar:/Users/JamesCollerton/.m2/repository/org/apache/camel/camel-vm/3.8.0/camel-vm-3.8.0.jar:/Users/JamesCollerton/.m2/repository/org/apache/camel/camel-xpath/3.8.0/camel-xpath-3.8.0.jar:/Users/JamesCollerton/.m2/repository/org/apache/camel/camel-xslt/3.8.0/camel-xslt-3.8.0.jar:/Users/JamesCollerton/.m2/repository/org/apache/camel/camel-http/3.8.0/camel-http-3.8.0.jar:/Users/JamesCollerton/.m2/repository/org/apache/camel/camel-cloud/3.8.0/camel-cloud-3.8.0.jar:/Users/JamesCollerton/.m2/repository/org/apache/camel/camel-core-model/3.8.0/camel-core-model-3.8.0.jar:/Users/JamesCollerton/.m2/repository/org/apache/camel/camel-core-processor/3.8.0/camel-core-processor-3.8.0.jar:/Users/JamesCollerton/.m2/repository/org/apache/camel/camel-http-common/3.8.0/camel-http-common-3.8.0.jar:/Users/JamesCollerton/.m2/repository/org/apache/camel/camel-http-base/3.8.0/camel-http-base-3.8.0.jar:/Users/JamesCollerton/.m2/repository/org/apache/camel/camel-support/3.8.0/camel-support-3.8.0.jar:/Users/JamesCollerton/.m2/repository/org/apache/camel/camel-attachments/3.8.0/camel-attachments-3.8.0.jar:/Users/JamesCollerton/.m2/repository/com/sun/activation/javax.activation/1.2.0/javax.activation-1.2.0.jar:/Users/JamesCollerton/.m2/repository/org/apache/camel/camel-file/3.8.0/camel-file-3.8.0.jar:/Users/JamesCollerton/.m2/repository/javax/servlet/javax.servlet-api/4.0.1/javax.servlet-api-4.0.1.jar:/Users/JamesCollerton/.m2/repository/org/apache/httpcomponents/httpclient/4.5.13/httpclient-4.5.13.jar:/Users/JamesCollerton/.m2/repository/org/apache/httpcomponents/httpcore/4.4.14/httpcore-4.4.14.jar:/Users/JamesCollerton/.m2/repository/commons-codec/commons-codec/1.15/commons-codec-1.15.jar:/Users/JamesCollerton/.m2/repository/org/projectlombok/lombok/1.18.18/lombok-1.18.18.jar:/Users/JamesCollerton/.m2/repository/org/springframework/boot/spring-boot-starter-test/2.4.4/spring-boot-starter-test-2.4.4.jar:/Users/JamesCollerton/.m2/repository/org/springframework/boot/spring-boot-test/2.4.4/spring-boot-test-2.4.4.jar:/Users/JamesCollerton/.m2/repository/org/springframework/boot/spring-boot-test-autoconfigure/2.4.4/spring-boot-test-autoconfigure-2.4.4.jar:/Users/JamesCollerton/.m2/repository/com/jayway/jsonpath/json-path/2.4.0/json-path-2.4.0.jar:/Users/JamesCollerton/.m2/repository/net/minidev/json-smart/2.3/json-smart-2.3.jar:/Users/JamesCollerton/.m2/repository/net/minidev/accessors-smart/1.2/accessors-smart-1.2.jar:/Users/JamesCollerton/.m2/repository/org/ow2/asm/asm/5.0.4/asm-5.0.4.jar:/Users/JamesCollerton/.m2/repository/org/slf4j/slf4j-api/1.7.30/slf4j-api-1.7.30.jar:/Users/JamesCollerton/.m2/repository/jakarta/xml/bind/jakarta.xml.bind-api/2.3.3/jakarta.xml.bind-api-2.3.3.jar:/Users/JamesCollerton/.m2/repository/jakarta/activation/jakarta.activation-api/1.2.2/jakarta.activation-api-1.2.2.jar:/Users/JamesCollerton/.m2/repository/org/assertj/assertj-core/3.18.1/assertj-core-3.18.1.jar:/Users/JamesCollerton/.m2/repository/org/hamcrest/hamcrest/2.2/hamcrest-2.2.jar:/Users/JamesCollerton/.m2/repository/org/junit/jupiter/junit-jupiter/5.7.1/junit-jupiter-5.7.1.jar:/Users/JamesCollerton/.m2/repository/org/junit/jupiter/junit-jupiter-api/5.7.1/junit-jupiter-api-5.7.1.jar:/Users/JamesCollerton/.m2/repository/org/apiguardian/apiguardian-api/1.1.0/apiguardian-api-1.1.0.jar:/Users/JamesCollerton/.m2/repository/org/opentest4j/opentest4j/1.2.0/opentest4j-1.2.0.jar:/Users/JamesCollerton/.m2/repository/org/junit/platform/junit-platform-commons/1.7.1/junit-platform-commons-1.7.1.jar:/Users/JamesCollerton/.m2/repository/org/junit/jupiter/junit-jupiter-params/5.7.1/junit-jupiter-params-5.7.1.jar:/Users/JamesCollerton/.m2/repository/org/junit/jupiter/junit-jupiter-engine/5.7.1/junit-jupiter-engine-5.7.1.jar:/Users/JamesCollerton/.m2/repository/org/junit/platform/junit-platform-engine/1.7.1/junit-platform-engine-1.7.1.jar:/Users/JamesCollerton/.m2/repository/org/mockito/mockito-core/3.6.28/mockito-core-3.6.28.jar:/Users/JamesCollerton/.m2/repository/net/bytebuddy/byte-buddy/1.10.22/byte-buddy-1.10.22.jar:/Users/JamesCollerton/.m2/repository/net/bytebuddy/byte-buddy-agent/1.10.22/byte-buddy-agent-1.10.22.jar:/Users/JamesCollerton/.m2/repository/org/objenesis/objenesis/3.1/objenesis-3.1.jar:/Users/JamesCollerton/.m2/repository/org/mockito/mockito-junit-jupiter/3.6.28/mockito-junit-jupiter-3.6.28.jar:/Users/JamesCollerton/.m2/repository/org/skyscreamer/jsonassert/1.5.0/jsonassert-1.5.0.jar:/Users/JamesCollerton/.m2/repository/com/vaadin/external/google/android-json/0.0.20131108.vaadin1/android-json-0.0.20131108.vaadin1.jar:/Users/JamesCollerton/.m2/repository/org/springframework/spring-core/5.3.3/spring-core-5.3.3.jar:/Users/JamesCollerton/.m2/repository/org/springframework/spring-jcl/5.3.5/spring-jcl-5.3.5.jar:/Users/JamesCollerton/.m2/repository/org/springframework/spring-test/5.3.3/spring-test-5.3.3.jar:/Users/JamesCollerton/.m2/repository/org/xmlunit/xmlunit-core/2.7.0/xmlunit-core-2.7.0.jar:"/>
    <property name="sun.cpu.endian" value="little"/>
    <property name="user.home" value="/Users/JamesCollerton"/>
    <property name="user.language" value="en"/>
    <property name="java.specification.vendor" value="Oracle Corporation"/>
    <property name="java.version.date" value="2021-01-19"/>
    <property name="java.home" value="/usr/local/Cellar/openjdk@11/11.0.10/libexec/openjdk.jdk/Contents/Home"/>
    <property name="file.separator" value="/"/>
    <property name="basedir" value="/Users/JamesCollerton/Documents/Programming/Git_Folders/AWS-Kinesis-with-Camel/kinesiscamelproducer"/>
    <property name="java.vm.compressedOopsMode" value="Zero based"/>
    <property name="line.separator" value="&#10;"/>
    <property name="java.specification.name" value="Java Platform API Specification"/>
    <property name="java.vm.specification.vendor" value="Oracle Corporation"/>
    <property name="java.awt.graphicsenv" value="sun.awt.CGraphicsEnvironment"/>
    <property name="surefire.real.class.path" value="/Users/JamesCollerton/Documents/Programming/Git_Folders/AWS-Kinesis-with-Camel/kinesiscamelproducer/target/surefire/surefirebooter14490979842114057051.jar"/>
    <property name="sun.management.compiler" value="HotSpot 64-Bit Tiered Compilers"/>
    <property name="java.runtime.version" value="11.0.10+9"/>
    <property name="user.name" value="JamesCollerton"/>
    <property name="path.separator" value=":"/>
    <property name="os.version" value="10.14.6"/>
    <property name="java.runtime.name" value="OpenJDK Runtime Environment"/>
    <property name="file.encoding" value="UTF-8"/>
    <property name="java.vm.name" value="OpenJDK 64-Bit Server VM"/>
    <property name="localRepository" value="/Users/JamesCollerton/.m2/repository"/>
    <property name="java.vendor.url.bug" value="https://bugreport.java.com/bugreport/"/>
    <property name="java.io.tmpdir" value="/var/folders/s7/_7w3zlp932n_2m09f25qv3100000gn/T/"/>
    <property name="java.version" value="11.0.10"/>
    <property name="user.dir" value="/Users/JamesCollerton/Documents/Programming/Git_Folders/AWS-Kinesis-with-Camel/kinesiscamelproducer"/>
    <property name="os.arch" value="x86_64"/>
    <property name="java.vm.specification.name" value="Java Virtual Machine Specification"/>
    <property name="java.awt.printerjob" value="sun.lwawt.macosx.CPrinterJob"/>
    <property name="sun.os.patch.level" value="unknown"/>
    <property name="java.library.path" value="/Users/JamesCollerton/Library/Java/Extensions:/Library/Java/Extensions:/Network/Library/Java/Extensions:/System/Library/Java/Extensions:/usr/lib/java:."/>
    <property name="java.vm.info" value="mixed mode"/>
    <property name="java.vendor" value="Oracle Corporation"/>
    <property name="java.vm.version" value="11.0.10+9"/>
    <property name="sun.io.unicode.encoding" value="UnicodeBig"/>
    <property name="java.class.version" value="55.0"/>
  </properties>
  <testcase name="contextLoads" classname="com.example.kinesiscamel.KinesiscamelApplicationTests" time="0.04">
    <error message="Failed to load ApplicationContext" type="java.lang.IllegalStateException">java.lang.IllegalStateException: Failed to load ApplicationContext
Caused by: java.lang.IllegalArgumentException: Cannot instantiate interface org.springframework.context.ApplicationListener : org.springframework.boot.autoconfigure.BackgroundPreinitializer
Caused by: java.lang.NoClassDefFoundError: org/springframework/core/NativeDetector
Caused by: java.lang.ClassNotFoundException: org.springframework.core.NativeDetector
</error>
    <system-out><![CDATA[09:04:00.491 [main] DEBUG org.springframework.test.context.BootstrapUtils - Instantiating CacheAwareContextLoaderDelegate from class [org.springframework.test.context.cache.DefaultCacheAwareContextLoaderDelegate]
09:04:00.533 [main] DEBUG org.springframework.test.context.BootstrapUtils - Instantiating BootstrapContext using constructor [public org.springframework.test.context.support.DefaultBootstrapContext(java.lang.Class,org.springframework.test.context.CacheAwareContextLoaderDelegate)]
09:04:00.677 [main] DEBUG org.springframework.test.context.BootstrapUtils - Instantiating TestContextBootstrapper for test class [com.example.kinesiscamel.KinesiscamelApplicationTests] from class [org.springframework.boot.test.context.SpringBootTestContextBootstrapper]
09:04:00.729 [main] INFO org.springframework.boot.test.context.SpringBootTestContextBootstrapper - Neither @ContextConfiguration nor @ContextHierarchy found for test class [com.example.kinesiscamel.KinesiscamelApplicationTests], using SpringBootContextLoader
09:04:00.743 [main] DEBUG org.springframework.test.context.support.AbstractContextLoader - Did not detect default resource location for test class [com.example.kinesiscamel.KinesiscamelApplicationTests]: class path resource [com/example/kinesiscamel/KinesiscamelApplicationTests-context.xml] does not exist
09:04:00.745 [main] DEBUG org.springframework.test.context.support.AbstractContextLoader - Did not detect default resource location for test class [com.example.kinesiscamel.KinesiscamelApplicationTests]: class path resource [com/example/kinesiscamel/KinesiscamelApplicationTestsContext.groovy] does not exist
09:04:00.746 [main] INFO org.springframework.test.context.support.AbstractContextLoader - Could not detect default resource locations for test class [com.example.kinesiscamel.KinesiscamelApplicationTests]: no resource found for suffixes {-context.xml, Context.groovy}.
09:04:00.748 [main] INFO org.springframework.test.context.support.AnnotationConfigContextLoaderUtils - Could not detect default configuration classes for test class [com.example.kinesiscamel.KinesiscamelApplicationTests]: KinesiscamelApplicationTests does not declare any static, non-private, non-final, nested classes annotated with @Configuration.
09:04:00.951 [main] DEBUG org.springframework.test.context.support.ActiveProfilesUtils - Could not find an 'annotation declaring class' for annotation type [org.springframework.test.context.ActiveProfiles] and class [com.example.kinesiscamel.KinesiscamelApplicationTests]
09:04:01.173 [main] DEBUG org.springframework.context.annotation.ClassPathScanningCandidateComponentProvider - Identified candidate component class: file [/Users/JamesCollerton/Documents/Programming/Git_Folders/AWS-Kinesis-with-Camel/kinesiscamelproducer/target/classes/com/example/kinesiscamel/KinesiscamelApplication.class]
09:04:01.175 [main] INFO org.springframework.boot.test.context.SpringBootTestContextBootstrapper - Found @SpringBootConfiguration com.example.kinesiscamel.KinesiscamelApplication for test class com.example.kinesiscamel.KinesiscamelApplicationTests
09:04:01.556 [main] DEBUG org.springframework.boot.test.context.SpringBootTestContextBootstrapper - @TestExecutionListeners is not present for class [com.example.kinesiscamel.KinesiscamelApplicationTests]: using defaults.
09:04:01.560 [main] INFO org.springframework.boot.test.context.SpringBootTestContextBootstrapper - Loaded default TestExecutionListener class names from location [META-INF/spring.factories]: [org.springframework.boot.test.mock.mockito.MockitoTestExecutionListener, org.springframework.boot.test.mock.mockito.ResetMocksTestExecutionListener, org.springframework.boot.test.autoconfigure.restdocs.RestDocsTestExecutionListener, org.springframework.boot.test.autoconfigure.web.client.MockRestServiceServerResetTestExecutionListener, org.springframework.boot.test.autoconfigure.web.servlet.MockMvcPrintOnlyOnFailureTestExecutionListener, org.springframework.boot.test.autoconfigure.web.servlet.WebDriverTestExecutionListener, org.springframework.boot.test.autoconfigure.webservices.client.MockWebServiceServerTestExecutionListener, org.springframework.test.context.web.ServletTestExecutionListener, org.springframework.test.context.support.DirtiesContextBeforeModesTestExecutionListener, org.springframework.test.context.event.ApplicationEventsTestExecutionListener, org.springframework.test.context.support.DependencyInjectionTestExecutionListener, org.springframework.test.context.support.DirtiesContextTestExecutionListener, org.springframework.test.context.transaction.TransactionalTestExecutionListener, org.springframework.test.context.jdbc.SqlScriptsTestExecutionListener, org.springframework.test.context.event.EventPublishingTestExecutionListener]
09:04:01.643 [main] INFO org.springframework.boot.test.context.SpringBootTestContextBootstrapper - Using TestExecutionListeners: [org.springframework.test.context.web.ServletTestExecutionListener@5c08c46a, org.springframework.test.context.support.DirtiesContextBeforeModesTestExecutionListener@4cf8b2dc, org.springframework.test.context.event.ApplicationEventsTestExecutionListener@708400f6, org.springframework.boot.test.mock.mockito.MockitoTestExecutionListener@5829e4f4, org.springframework.boot.test.autoconfigure.SpringBootDependencyInjectionTestExecutionListener@4218500f, org.springframework.test.context.support.DirtiesContextTestExecutionListener@4bff64c2, org.springframework.test.context.transaction.TransactionalTestExecutionListener@1b2c4efb, org.springframework.test.context.jdbc.SqlScriptsTestExecutionListener@c35172e, org.springframework.test.context.event.EventPublishingTestExecutionListener@c2db68f, org.springframework.boot.test.mock.mockito.ResetMocksTestExecutionListener@3cc41abc, org.springframework.boot.test.autoconfigure.restdocs.RestDocsTestExecutionListener@4566d049, org.springframework.boot.test.autoconfigure.web.client.MockRestServiceServerResetTestExecutionListener@61ce23ac, org.springframework.boot.test.autoconfigure.web.servlet.MockMvcPrintOnlyOnFailureTestExecutionListener@3668d4, org.springframework.boot.test.autoconfigure.web.servlet.WebDriverTestExecutionListener@1c3b9394, org.springframework.boot.test.autoconfigure.webservices.client.MockWebServiceServerTestExecutionListener@6f2cfcc2]
09:04:01.658 [main] DEBUG org.springframework.test.context.support.AbstractDirtiesContextTestExecutionListener - Before test class: context [DefaultTestContext@3ecd267f testClass = KinesiscamelApplicationTests, testInstance = [null], testMethod = [null], testException = [null], mergedContextConfiguration = [WebMergedContextConfiguration@58ffcbd7 testClass = KinesiscamelApplicationTests, locations = '{}', classes = '{class com.example.kinesiscamel.KinesiscamelApplication}', contextInitializerClasses = '[]', activeProfiles = '{}', propertySourceLocations = '{}', propertySourceProperties = '{org.springframework.boot.test.context.SpringBootTestContextBootstrapper=true}', contextCustomizers = set[org.springframework.boot.test.context.filter.ExcludeFilterContextCustomizer@62656be4, org.springframework.boot.test.json.DuplicateJsonObjectContextCustomizerFactory$DuplicateJsonObjectContextCustomizer@34129c78, org.springframework.boot.test.mock.mockito.MockitoContextCustomizer@0, org.springframework.boot.test.web.client.TestRestTemplateContextCustomizer@2ca26d77, org.springframework.boot.test.autoconfigure.actuate.metrics.MetricsExportContextCustomizerFactory$DisableMetricExportContextCustomizer@7905a0b8, org.springframework.boot.test.autoconfigure.properties.PropertyMappingContextCustomizer@0, org.springframework.boot.test.autoconfigure.web.servlet.WebDriverContextCustomizerFactory$Customizer@3eb91815, org.springframework.boot.test.context.SpringBootTestArgs@1, org.springframework.boot.test.context.SpringBootTestWebEnvironment@149e0f5d], resourceBasePath = 'src/main/webapp', contextLoader = 'org.springframework.boot.test.context.SpringBootContextLoader', parent = [null]], attributes = map['org.springframework.test.context.web.ServletTestExecutionListener.activateListener' -> true]], class annotated with @DirtiesContext [false] with mode [null].
09:04:01.782 [main] ERROR org.springframework.test.context.TestContextManager - Caught exception while allowing TestExecutionListener [org.springframework.test.context.web.ServletTestExecutionListener@5c08c46a] to prepare test instance [com.example.kinesiscamel.KinesiscamelApplicationTests@75b25825]
java.lang.IllegalStateException: Failed to load ApplicationContext
	at org.springframework.test.context.cache.DefaultCacheAwareContextLoaderDelegate.loadContext(DefaultCacheAwareContextLoaderDelegate.java:132)
	at org.springframework.test.context.support.DefaultTestContext.getApplicationContext(DefaultTestContext.java:124)
	at org.springframework.test.context.web.ServletTestExecutionListener.setUpRequestContextIfNecessary(ServletTestExecutionListener.java:190)
	at org.springframework.test.context.web.ServletTestExecutionListener.prepareTestInstance(ServletTestExecutionListener.java:132)
	at org.springframework.test.context.TestContextManager.prepareTestInstance(TestContextManager.java:244)
	at org.springframework.test.context.junit.jupiter.SpringExtension.postProcessTestInstance(SpringExtension.java:138)
	at org.junit.jupiter.engine.descriptor.ClassBasedTestDescriptor.lambda$invokeTestInstancePostProcessors$6(ClassBasedTestDescriptor.java:350)
	at org.junit.jupiter.engine.descriptor.ClassBasedTestDescriptor.executeAndMaskThrowable(ClassBasedTestDescriptor.java:355)
	at org.junit.jupiter.engine.descriptor.ClassBasedTestDescriptor.lambda$invokeTestInstancePostProcessors$7(ClassBasedTestDescriptor.java:350)
	at java.base/java.util.stream.ReferencePipeline$3$1.accept(ReferencePipeline.java:195)
	at java.base/java.util.stream.ReferencePipeline$2$1.accept(ReferencePipeline.java:177)
	at java.base/java.util.ArrayList$ArrayListSpliterator.forEachRemaining(ArrayList.java:1655)
	at java.base/java.util.stream.AbstractPipeline.copyInto(AbstractPipeline.java:484)
	at java.base/java.util.stream.AbstractPipeline.wrapAndCopyInto(AbstractPipeline.java:474)
	at java.base/java.util.stream.StreamSpliterators$WrappingSpliterator.forEachRemaining(StreamSpliterators.java:312)
	at java.base/java.util.stream.Streams$ConcatSpliterator.forEachRemaining(Streams.java:735)
	at java.base/java.util.stream.Streams$ConcatSpliterator.forEachRemaining(Streams.java:734)
	at java.base/java.util.stream.ReferencePipeline$Head.forEach(ReferencePipeline.java:658)
	at org.junit.jupiter.engine.descriptor.ClassBasedTestDescriptor.invokeTestInstancePostProcessors(ClassBasedTestDescriptor.java:349)
	at org.junit.jupiter.engine.descriptor.ClassBasedTestDescriptor.lambda$instantiateAndPostProcessTestInstance$4(ClassBasedTestDescriptor.java:270)
	at org.junit.platform.engine.support.hierarchical.ThrowableCollector.execute(ThrowableCollector.java:73)
	at org.junit.jupiter.engine.descriptor.ClassBasedTestDescriptor.instantiateAndPostProcessTestInstance(ClassBasedTestDescriptor.java:269)
	at org.junit.jupiter.engine.descriptor.ClassBasedTestDescriptor.lambda$testInstancesProvider$2(ClassBasedTestDescriptor.java:259)
	at java.base/java.util.Optional.orElseGet(Optional.java:369)
	at org.junit.jupiter.engine.descriptor.ClassBasedTestDescriptor.lambda$testInstancesProvider$3(ClassBasedTestDescriptor.java:258)
	at org.junit.jupiter.engine.execution.TestInstancesProvider.getTestInstances(TestInstancesProvider.java:31)
	at org.junit.jupiter.engine.descriptor.TestMethodTestDescriptor.lambda$prepare$0(TestMethodTestDescriptor.java:101)
	at org.junit.platform.engine.support.hierarchical.ThrowableCollector.execute(ThrowableCollector.java:73)
	at org.junit.jupiter.engine.descriptor.TestMethodTestDescriptor.prepare(TestMethodTestDescriptor.java:100)
	at org.junit.jupiter.engine.descriptor.TestMethodTestDescriptor.prepare(TestMethodTestDescriptor.java:65)
	at org.junit.platform.engine.support.hierarchical.NodeTestTask.lambda$prepare$1(NodeTestTask.java:111)
	at org.junit.platform.engine.support.hierarchical.ThrowableCollector.execute(ThrowableCollector.java:73)
	at org.junit.platform.engine.support.hierarchical.NodeTestTask.prepare(NodeTestTask.java:111)
	at org.junit.platform.engine.support.hierarchical.NodeTestTask.execute(NodeTestTask.java:79)
	at java.base/java.util.ArrayList.forEach(ArrayList.java:1541)
	at org.junit.platform.engine.support.hierarchical.SameThreadHierarchicalTestExecutorService.invokeAll(SameThreadHierarchicalTestExecutorService.java:38)
	at org.junit.platform.engine.support.hierarchical.NodeTestTask.lambda$executeRecursively$5(NodeTestTask.java:143)
	at org.junit.platform.engine.support.hierarchical.ThrowableCollector.execute(ThrowableCollector.java:73)
	at org.junit.platform.engine.support.hierarchical.NodeTestTask.lambda$executeRecursively$7(NodeTestTask.java:129)
	at org.junit.platform.engine.support.hierarchical.Node.around(Node.java:137)
	at org.junit.platform.engine.support.hierarchical.NodeTestTask.lambda$executeRecursively$8(NodeTestTask.java:127)
	at org.junit.platform.engine.support.hierarchical.ThrowableCollector.execute(ThrowableCollector.java:73)
	at org.junit.platform.engine.support.hierarchical.NodeTestTask.executeRecursively(NodeTestTask.java:126)
	at org.junit.platform.engine.support.hierarchical.NodeTestTask.execute(NodeTestTask.java:84)
	at java.base/java.util.ArrayList.forEach(ArrayList.java:1541)
	at org.junit.platform.engine.support.hierarchical.SameThreadHierarchicalTestExecutorService.invokeAll(SameThreadHierarchicalTestExecutorService.java:38)
	at org.junit.platform.engine.support.hierarchical.NodeTestTask.lambda$executeRecursively$5(NodeTestTask.java:143)
	at org.junit.platform.engine.support.hierarchical.ThrowableCollector.execute(ThrowableCollector.java:73)
	at org.junit.platform.engine.support.hierarchical.NodeTestTask.lambda$executeRecursively$7(NodeTestTask.java:129)
	at org.junit.platform.engine.support.hierarchical.Node.around(Node.java:137)
	at org.junit.platform.engine.support.hierarchical.NodeTestTask.lambda$executeRecursively$8(NodeTestTask.java:127)
	at org.junit.platform.engine.support.hierarchical.ThrowableCollector.execute(ThrowableCollector.java:73)
	at org.junit.platform.engine.support.hierarchical.NodeTestTask.executeRecursively(NodeTestTask.java:126)
	at org.junit.platform.engine.support.hierarchical.NodeTestTask.execute(NodeTestTask.java:84)
	at org.junit.platform.engine.support.hierarchical.SameThreadHierarchicalTestExecutorService.submit(SameThreadHierarchicalTestExecutorService.java:32)
	at org.junit.platform.engine.support.hierarchical.HierarchicalTestExecutor.execute(HierarchicalTestExecutor.java:57)
	at org.junit.platform.engine.support.hierarchical.HierarchicalTestEngine.execute(HierarchicalTestEngine.java:51)
	at org.junit.platform.launcher.core.DefaultLauncher.execute(DefaultLauncher.java:220)
	at org.junit.platform.launcher.core.DefaultLauncher.lambda$execute$6(DefaultLauncher.java:188)
	at org.junit.platform.launcher.core.DefaultLauncher.withInterceptedStreams(DefaultLauncher.java:202)
	at org.junit.platform.launcher.core.DefaultLauncher.execute(DefaultLauncher.java:181)
	at org.junit.platform.launcher.core.DefaultLauncher.execute(DefaultLauncher.java:128)
	at org.apache.maven.surefire.junitplatform.JUnitPlatformProvider.invokeAllTests(JUnitPlatformProvider.java:150)
	at org.apache.maven.surefire.junitplatform.JUnitPlatformProvider.invoke(JUnitPlatformProvider.java:124)
	at org.apache.maven.surefire.booter.ForkedBooter.invokeProviderInSameClassLoader(ForkedBooter.java:384)
	at org.apache.maven.surefire.booter.ForkedBooter.runSuitesInProcess(ForkedBooter.java:345)
	at org.apache.maven.surefire.booter.ForkedBooter.execute(ForkedBooter.java:126)
	at org.apache.maven.surefire.booter.ForkedBooter.main(ForkedBooter.java:418)
Caused by: java.lang.IllegalArgumentException: Cannot instantiate interface org.springframework.context.ApplicationListener : org.springframework.boot.autoconfigure.BackgroundPreinitializer
	at org.springframework.boot.SpringApplication.createSpringFactoriesInstances(SpringApplication.java:467)
	at org.springframework.boot.SpringApplication.getSpringFactoriesInstances(SpringApplication.java:449)
	at org.springframework.boot.SpringApplication.getSpringFactoriesInstances(SpringApplication.java:442)
	at org.springframework.boot.SpringApplication.<init>(SpringApplication.java:285)
	at org.springframework.boot.SpringApplication.<init>(SpringApplication.java:264)
	at org.springframework.boot.test.context.SpringBootContextLoader.getSpringApplication(SpringBootContextLoader.java:132)
	at org.springframework.boot.test.context.SpringBootContextLoader.loadContext(SpringBootContextLoader.java:90)
	at org.springframework.test.context.cache.DefaultCacheAwareContextLoaderDelegate.loadContextInternal(DefaultCacheAwareContextLoaderDelegate.java:99)
	at org.springframework.test.context.cache.DefaultCacheAwareContextLoaderDelegate.loadContext(DefaultCacheAwareContextLoaderDelegate.java:124)
	... 67 common frames omitted
Caused by: java.lang.NoClassDefFoundError: org/springframework/core/NativeDetector
	at org.springframework.boot.autoconfigure.BackgroundPreinitializer.<clinit>(BackgroundPreinitializer.java:71)
	at java.base/jdk.internal.reflect.NativeConstructorAccessorImpl.newInstance0(Native Method)
	at java.base/jdk.internal.reflect.NativeConstructorAccessorImpl.newInstance(NativeConstructorAccessorImpl.java:62)
	at java.base/jdk.internal.reflect.DelegatingConstructorAccessorImpl.newInstance(DelegatingConstructorAccessorImpl.java:45)
	at java.base/java.lang.reflect.Constructor.newInstance(Constructor.java:490)
	at org.springframework.beans.BeanUtils.instantiateClass(BeanUtils.java:212)
	at org.springframework.boot.SpringApplication.createSpringFactoriesInstances(SpringApplication.java:463)
	... 75 common frames omitted
Caused by: java.lang.ClassNotFoundException: org.springframework.core.NativeDetector
	at java.base/jdk.internal.loader.BuiltinClassLoader.loadClass(BuiltinClassLoader.java:581)
	at java.base/jdk.internal.loader.ClassLoaders$AppClassLoader.loadClass(ClassLoaders.java:178)
	at java.base/java.lang.ClassLoader.loadClass(ClassLoader.java:522)
	... 82 common frames omitted
]]></system-out>
  </testcase>
</testsuite>